<?xml version="1.0" encoding="UTF-8"?>
<!-- Generated by org.testng.reporters.JUnitReportReporter -->
<testsuite hostname="LAPTOP-T2V2EV8Q" failures="0" tests="1" name="TestCase.DSApplication" time="24.490" errors="0" timestamp="04 Dec 2021 20:16:44 GMT" skipped="0">
  <testcase classname="TestCase.DSApplication" name="DSAlgo" time="24.490"/>
</testsuite> <!-- TestCase.DSApplication -->
